<?xml version="1.0" encoding="UTF-8"?>
<!-- Generated by org.testng.reporters.JUnitXMLReporter -->
<testsuite ignored="0" hostname="Yathirv" failures="0" tests="3" name="Default test" time="0.062" errors="0" timestamp="2022-02-01T20:56:34 IST">
  <testcase classname="lectures.StreamFilter" name="streamCollect" time="0.01"/>
  <testcase classname="lectures.StreamFilter" name="streamFilter" time="0.005"/>
  <testcase classname="lectures.StreamFilter" name="streamMap" time="0.006"/>
</testsuite> <!-- Default test -->
