<?xml version="1.0" encoding="UTF-8"?>
<testng-results ignored="0" total="3" passed="3" failed="0" skipped="0">
  <reporter-output>
  </reporter-output>
  <suite started-at="2022-02-01T20:56:34 IST" name="Default suite" finished-at="2022-02-01T20:56:34 IST" duration-ms="62">
    <groups>
    </groups>
    <test started-at="2022-02-01T20:56:34 IST" name="Default test" finished-at="2022-02-01T20:56:34 IST" duration-ms="62">
      <class name="lectures.StreamFilter">
        <test-method signature="streamCollect()[pri:0, instance:lectures.StreamFilter@402bba4f]" started-at="2022-02-01T20:56:34 IST" name="streamCollect" finished-at="2022-02-01T20:56:34 IST" duration-ms="10" status="PASS">
          <reporter-output>
          </reporter-output>
        </test-method> <!-- streamCollect -->
        <test-method signature="streamFilter()[pri:0, instance:lectures.StreamFilter@402bba4f]" started-at="2022-02-01T20:56:34 IST" name="streamFilter" finished-at="2022-02-01T20:56:34 IST" duration-ms="5" status="PASS">
          <reporter-output>
          </reporter-output>
        </test-method> <!-- streamFilter -->
        <test-method signature="streamMap()[pri:0, instance:lectures.StreamFilter@402bba4f]" started-at="2022-02-01T20:56:34 IST" name="streamMap" finished-at="2022-02-01T20:56:34 IST" duration-ms="6" status="PASS">
          <reporter-output>
          </reporter-output>
        </test-method> <!-- streamMap -->
      </class> <!-- lectures.StreamFilter -->
    </test> <!-- Default test -->
  </suite> <!-- Default suite -->
</testng-results>
